2017-9-8 20:07:16 main INFO Starting ShopApplication on IE361.COM-30530 with PID 3284 (E:\workspace\shop\target\classes started by Administrator in E:\workspace\shop)
2017-9-8 20:07:16 main DEBUG Running with Spring Boot v1.5.6.RELEASE, Spring v4.3.10.RELEASE
2017-9-8 20:07:16 main INFO No active profile set, falling back to default profiles: default
2017-9-8 20:07:21 main INFO Started ShopApplication in 5.288 seconds (JVM running for 6.06)
2017-9-8 20:07:39 http-nio-8080-exec-7 DEBUG ==>  Preparing: select id, name, user_type, phone, password, good_category_type, status, create_date, update_date, del_flag from user where id = ? 
2017-9-8 20:07:39 http-nio-8080-exec-7 DEBUG ==> Parameters: 1(Long)
2017-9-8 20:07:39 http-nio-8080-exec-7 DEBUG <==      Total: 1
2017-9-8 20:07:43 http-nio-8080-exec-9 DEBUG ==>  Preparing: select id, name, user_type, phone, password, good_category_type, status, create_date, update_date, del_flag from user where id = ? 
2017-9-8 20:07:43 http-nio-8080-exec-9 DEBUG ==> Parameters: 2(Long)
2017-9-8 20:07:43 http-nio-8080-exec-9 DEBUG <==      Total: 1
2017-9-8 20:09:32 main INFO Starting ShopApplication on IE361.COM-30530 with PID 6620 (E:\workspace\shop\target\classes started by Administrator in E:\workspace\shop)
2017-9-8 20:09:32 main DEBUG Running with Spring Boot v1.5.6.RELEASE, Spring v4.3.10.RELEASE
2017-9-8 20:09:32 main INFO No active profile set, falling back to default profiles: default
2017-9-8 20:09:52 main INFO Starting ShopApplication on IE361.COM-30530 with PID 5756 (E:\workspace\shop\target\classes started by Administrator in E:\workspace\shop)
2017-9-8 20:09:52 main DEBUG Running with Spring Boot v1.5.6.RELEASE, Spring v4.3.10.RELEASE
2017-9-8 20:09:52 main INFO No active profile set, falling back to default profiles: default
2017-9-8 20:09:56 main INFO Started ShopApplication in 4.423 seconds (JVM running for 5.101)
2017-9-8 20:11:37 main INFO Starting ShopApplication on IE361.COM-30530 with PID 6736 (E:\workspace\shop\target\classes started by Administrator in E:\workspace\shop)
2017-9-8 20:11:37 main DEBUG Running with Spring Boot v1.5.6.RELEASE, Spring v4.3.10.RELEASE
2017-9-8 20:11:37 main INFO No active profile set, falling back to default profiles: default
2017-9-8 20:11:41 main INFO Started ShopApplication in 4.673 seconds (JVM running for 5.2)
2017-9-8 20:14:30 main INFO Starting ShopApplication on IE361.COM-30530 with PID 7008 (E:\workspace\shop\target\classes started by Administrator in E:\workspace\shop)
2017-9-8 20:14:30 main DEBUG Running with Spring Boot v1.5.6.RELEASE, Spring v4.3.10.RELEASE
2017-9-8 20:14:30 main INFO No active profile set, falling back to default profiles: default
2017-9-8 20:14:34 main INFO Started ShopApplication in 4.391 seconds (JVM running for 4.954)
2017-9-8 20:15:49 main INFO Starting ShopApplication on IE361.COM-30530 with PID 6864 (E:\workspace\shop\target\classes started by Administrator in E:\workspace\shop)
2017-9-8 20:15:49 main DEBUG Running with Spring Boot v1.5.6.RELEASE, Spring v4.3.10.RELEASE
2017-9-8 20:15:49 main INFO No active profile set, falling back to default profiles: default
2017-9-8 20:15:53 main INFO Started ShopApplication in 4.538 seconds (JVM running for 5.065)
2017-9-8 20:37:45 main INFO Starting ShopApplication on IE361.COM-30530 with PID 7936 (E:\workspace\shop\target\classes started by Administrator in E:\workspace\shop)
2017-9-8 20:37:45 main DEBUG Running with Spring Boot v1.5.6.RELEASE, Spring v4.3.10.RELEASE
2017-9-8 20:37:45 main INFO No active profile set, falling back to default profiles: default
2017-9-8 20:37:48 main INFO Started ShopApplication in 3.49 seconds (JVM running for 4.008)
2017-9-8 20:37:55 http-nio-8080-exec-3 DEBUG ==>  Preparing: select id, name, user_type, phone, password, good_category_type, status, create_date, update_date, del_flag from user where id = ? 
2017-9-8 20:37:55 http-nio-8080-exec-3 DEBUG ==> Parameters: 1(Long)
2017-9-8 20:37:55 http-nio-8080-exec-3 DEBUG <==      Total: 1
2017-9-8 20:37:58 http-nio-8080-exec-4 DEBUG ==>  Preparing: select id, name, user_type, phone, password, good_category_type, status, create_date, update_date, del_flag from user where id = ? 
2017-9-8 20:37:58 http-nio-8080-exec-4 DEBUG ==> Parameters: 2(Long)
2017-9-8 20:37:58 http-nio-8080-exec-4 DEBUG <==      Total: 1
2017-9-8 20:39:13 main INFO Starting ShopApplication on IE361.COM-30530 with PID 2232 (E:\workspace\shop\target\classes started by Administrator in E:\workspace\shop)
2017-9-8 20:39:13 main DEBUG Running with Spring Boot v1.5.6.RELEASE, Spring v4.3.10.RELEASE
2017-9-8 20:39:13 main INFO No active profile set, falling back to default profiles: default
2017-9-8 20:39:17 main INFO Started ShopApplication in 3.719 seconds (JVM running for 4.277)
2017-9-8 20:39:54 main INFO Starting ShopApplication on IE361.COM-30530 with PID 6560 (E:\workspace\shop\target\classes started by Administrator in E:\workspace\shop)
2017-9-8 20:39:54 main DEBUG Running with Spring Boot v1.5.6.RELEASE, Spring v4.3.10.RELEASE
2017-9-8 20:39:54 main INFO No active profile set, falling back to default profiles: default
2017-9-8 20:39:58 main INFO Started ShopApplication in 3.392 seconds (JVM running for 3.974)
2017-9-8 20:43:27 main INFO Starting ShopApplication on IE361.COM-30530 with PID 6644 (E:\workspace\shop\target\classes started by Administrator in E:\workspace\shop)
2017-9-8 20:43:27 main DEBUG Running with Spring Boot v1.5.6.RELEASE, Spring v4.3.10.RELEASE
2017-9-8 20:43:27 main INFO No active profile set, falling back to default profiles: default
2017-9-8 20:43:32 main INFO Started ShopApplication in 4.399 seconds (JVM running for 4.976)
2017-9-8 20:47:25 main INFO Starting ShopApplication on IE361.COM-30530 with PID 1744 (E:\workspace\shop\target\classes started by Administrator in E:\workspace\shop)
2017-9-8 20:47:25 main DEBUG Running with Spring Boot v1.5.6.RELEASE, Spring v4.3.10.RELEASE
2017-9-8 20:47:25 main INFO No active profile set, falling back to default profiles: default
2017-9-8 20:47:30 main INFO Started ShopApplication in 4.457 seconds (JVM running for 5.146)
2017-9-8 20:49:57 main INFO Starting ShopApplication on IE361.COM-30530 with PID 7056 (E:\workspace\shop\target\classes started by Administrator in E:\workspace\shop)
2017-9-8 20:49:57 main DEBUG Running with Spring Boot v1.5.6.RELEASE, Spring v4.3.10.RELEASE
2017-9-8 20:49:57 main INFO No active profile set, falling back to default profiles: default
2017-9-8 20:50:02 main INFO Started ShopApplication in 5.287 seconds (JVM running for 5.987)
2017-9-8 20:53:26 main INFO Starting ShopApplication on IE361.COM-30530 with PID 3136 (E:\workspace\shop\target\classes started by Administrator in E:\workspace\shop)
2017-9-8 20:53:26 main DEBUG Running with Spring Boot v1.5.6.RELEASE, Spring v4.3.10.RELEASE
2017-9-8 20:53:26 main INFO No active profile set, falling back to default profiles: default
2017-9-8 20:53:31 main INFO Started ShopApplication in 5.745 seconds (JVM running for 6.369)
2017-9-8 20:53:36 http-nio-8080-exec-1 DEBUG ==>  Preparing: select id, name, user_type, phone, password, good_category_type, status, create_date, update_date, del_flag from user limit 0,2 
2017-9-8 20:53:36 http-nio-8080-exec-1 DEBUG ==> Parameters: 
2017-9-8 20:53:36 http-nio-8080-exec-1 DEBUG <==      Total: 2
2017-9-8 20:54:51 main INFO Starting ShopApplication on IE361.COM-30530 with PID 7968 (E:\workspace\shop\target\classes started by Administrator in E:\workspace\shop)
2017-9-8 20:54:51 main DEBUG Running with Spring Boot v1.5.6.RELEASE, Spring v4.3.10.RELEASE
2017-9-8 20:54:51 main INFO No active profile set, falling back to default profiles: default
2017-9-8 20:54:56 main INFO Started ShopApplication in 5.123 seconds (JVM running for 5.83)
2017-9-8 20:55:02 http-nio-8080-exec-1 DEBUG ==>  Preparing: select id, name, user_type, phone, password, good_category_type, status, create_date, update_date, del_flag from user 
2017-9-8 20:55:02 http-nio-8080-exec-1 DEBUG ==> Parameters: 
2017-9-8 20:55:02 http-nio-8080-exec-1 DEBUG <==      Total: 4
2017-9-8 20:56:28 http-nio-8080-exec-5 DEBUG ==>  Preparing: select id, name, user_type, phone, password, good_category_type, status, create_date, update_date, del_flag from user 
2017-9-8 20:56:28 http-nio-8080-exec-5 DEBUG ==> Parameters: 
2017-9-8 20:56:28 http-nio-8080-exec-5 DEBUG <==      Total: 4
2017-9-8 20:56:44 main INFO Starting ShopApplication on IE361.COM-30530 with PID 4272 (E:\workspace\shop\target\classes started by Administrator in E:\workspace\shop)
2017-9-8 20:56:44 main DEBUG Running with Spring Boot v1.5.6.RELEASE, Spring v4.3.10.RELEASE
2017-9-8 20:56:44 main INFO No active profile set, falling back to default profiles: default
2017-9-8 20:56:48 main INFO Started ShopApplication in 5.033 seconds (JVM running for 5.634)
2017-9-8 20:57:00 http-nio-8080-exec-1 DEBUG ==>  Preparing: select id, name, user_type, phone, password, good_category_type, status, create_date, update_date, del_flag from user limit 0,2 
2017-9-8 20:57:00 http-nio-8080-exec-1 DEBUG ==> Parameters: 
2017-9-8 20:57:00 http-nio-8080-exec-1 DEBUG <==      Total: 2
2017-9-8 20:57:12 http-nio-8080-exec-5 DEBUG ==>  Preparing: select id, name, user_type, phone, password, good_category_type, status, create_date, update_date, del_flag from user limit 0,2 
2017-9-8 20:57:12 http-nio-8080-exec-5 DEBUG ==> Parameters: 
2017-9-8 20:57:12 http-nio-8080-exec-5 DEBUG <==      Total: 2
2017-9-8 20:59:06 http-nio-8080-exec-9 DEBUG ==>  Preparing: select id, name, user_type, phone, password, good_category_type, status, create_date, update_date, del_flag from user limit 0,2 
2017-9-8 20:59:06 http-nio-8080-exec-9 DEBUG ==> Parameters: 
2017-9-8 20:59:06 http-nio-8080-exec-9 DEBUG <==      Total: 2
2017-9-8 20:59:59 http-nio-8080-exec-6 DEBUG ==>  Preparing: select id, name, user_type, phone, password, good_category_type, status, create_date, update_date, del_flag from user limit 0,2 
2017-9-8 20:59:59 http-nio-8080-exec-6 DEBUG ==> Parameters: 
2017-9-8 20:59:59 http-nio-8080-exec-6 DEBUG <==      Total: 2
2017-9-8 21:01:58 main INFO Starting ShopApplication on IE361.COM-30530 with PID 7288 (E:\workspace\shop\target\classes started by Administrator in E:\workspace\shop)
2017-9-8 21:01:58 main DEBUG Running with Spring Boot v1.5.6.RELEASE, Spring v4.3.10.RELEASE
2017-9-8 21:01:58 main INFO No active profile set, falling back to default profiles: default
2017-9-8 21:02:02 main INFO Started ShopApplication in 3.777 seconds (JVM running for 4.272)
2017-9-8 21:02:16 http-nio-8080-exec-1 DEBUG ==>  Preparing: select id, name, user_type, phone, password, good_category_type, status, create_date, update_date, del_flag from user limit 1,2 
2017-9-8 21:02:16 http-nio-8080-exec-1 DEBUG ==> Parameters: 
2017-9-8 21:02:16 http-nio-8080-exec-1 DEBUG <==      Total: 2
2017-9-8 21:02:20 http-nio-8080-exec-3 DEBUG ==>  Preparing: select id, name, user_type, phone, password, good_category_type, status, create_date, update_date, del_flag from user limit 0,2 
2017-9-8 21:02:20 http-nio-8080-exec-3 DEBUG ==> Parameters: 
2017-9-8 21:02:20 http-nio-8080-exec-3 DEBUG <==      Total: 2
2017-9-8 21:02:24 http-nio-8080-exec-4 DEBUG ==>  Preparing: select id, name, user_type, phone, password, good_category_type, status, create_date, update_date, del_flag from user limit 1,2 
2017-9-8 21:02:24 http-nio-8080-exec-4 DEBUG ==> Parameters: 
2017-9-8 21:02:24 http-nio-8080-exec-4 DEBUG <==      Total: 2
2017-9-8 21:02:27 http-nio-8080-exec-5 DEBUG ==>  Preparing: select id, name, user_type, phone, password, good_category_type, status, create_date, update_date, del_flag from user limit 2,2 
2017-9-8 21:02:27 http-nio-8080-exec-5 DEBUG ==> Parameters: 
2017-9-8 21:02:27 http-nio-8080-exec-5 DEBUG <==      Total: 2
2017-9-8 21:02:31 http-nio-8080-exec-6 DEBUG ==>  Preparing: select id, name, user_type, phone, password, good_category_type, status, create_date, update_date, del_flag from user limit 0,2 
2017-9-8 21:02:31 http-nio-8080-exec-6 DEBUG ==> Parameters: 
2017-9-8 21:02:31 http-nio-8080-exec-6 DEBUG <==      Total: 2
2017-9-8 21:02:34 http-nio-8080-exec-7 DEBUG ==>  Preparing: select id, name, user_type, phone, password, good_category_type, status, create_date, update_date, del_flag from user limit 1,2 
2017-9-8 21:02:34 http-nio-8080-exec-7 DEBUG ==> Parameters: 
2017-9-8 21:02:34 http-nio-8080-exec-7 DEBUG <==      Total: 2
2017-9-8 21:02:39 http-nio-8080-exec-8 DEBUG ==>  Preparing: select id, name, user_type, phone, password, good_category_type, status, create_date, update_date, del_flag from user limit 0,2 
2017-9-8 21:02:39 http-nio-8080-exec-8 DEBUG ==> Parameters: 
2017-9-8 21:02:39 http-nio-8080-exec-8 DEBUG <==      Total: 2
2017-9-8 21:03:05 http-nio-8080-exec-9 DEBUG ==>  Preparing: select id, name, user_type, phone, password, good_category_type, status, create_date, update_date, del_flag from user limit 1,2 
2017-9-8 21:03:05 http-nio-8080-exec-9 DEBUG ==> Parameters: 
2017-9-8 21:03:05 http-nio-8080-exec-9 DEBUG <==      Total: 2
2017-9-8 21:03:14 http-nio-8080-exec-10 DEBUG ==>  Preparing: select id, name, user_type, phone, password, good_category_type, status, create_date, update_date, del_flag from user limit 2,2 
2017-9-8 21:03:14 http-nio-8080-exec-10 DEBUG ==> Parameters: 
2017-9-8 21:03:14 http-nio-8080-exec-10 DEBUG <==      Total: 2
2017-9-8 21:03:24 http-nio-8080-exec-1 DEBUG ==>  Preparing: select id, name, user_type, phone, password, good_category_type, status, create_date, update_date, del_flag from user limit 0,2 
2017-9-8 21:03:24 http-nio-8080-exec-1 DEBUG ==> Parameters: 
2017-9-8 21:03:24 http-nio-8080-exec-1 DEBUG <==      Total: 2
2017-9-8 21:03:28 http-nio-8080-exec-2 DEBUG ==>  Preparing: select id, name, user_type, phone, password, good_category_type, status, create_date, update_date, del_flag from user limit 1,2 
2017-9-8 21:03:28 http-nio-8080-exec-2 DEBUG ==> Parameters: 
2017-9-8 21:03:28 http-nio-8080-exec-2 DEBUG <==      Total: 2
2017-9-8 21:08:21 main INFO Starting ShopApplication on IE361.COM-30530 with PID 3908 (E:\workspace\shop\target\classes started by Administrator in E:\workspace\shop)
2017-9-8 21:08:21 main DEBUG Running with Spring Boot v1.5.6.RELEASE, Spring v4.3.10.RELEASE
2017-9-8 21:08:21 main INFO No active profile set, falling back to default profiles: default
2017-9-8 21:08:25 main INFO Started ShopApplication in 3.728 seconds (JVM running for 4.247)
2017-9-8 21:08:32 http-nio-8080-exec-1 DEBUG ==>  Preparing: select id, name, user_type, phone, password, good_category_type, status, create_date, update_date, del_flag from user limit 2,2 
2017-9-8 21:08:32 http-nio-8080-exec-1 DEBUG ==> Parameters: 
2017-9-8 21:08:32 http-nio-8080-exec-1 DEBUG <==      Total: 2
2017-9-8 21:08:38 http-nio-8080-exec-3 DEBUG ==>  Preparing: select id, name, user_type, phone, password, good_category_type, status, create_date, update_date, del_flag from user limit 2,2 
2017-9-8 21:08:38 http-nio-8080-exec-3 DEBUG ==> Parameters: 
2017-9-8 21:08:38 http-nio-8080-exec-3 DEBUG <==      Total: 2
2017-9-8 21:08:41 http-nio-8080-exec-4 DEBUG ==>  Preparing: select id, name, user_type, phone, password, good_category_type, status, create_date, update_date, del_flag from user limit 0,2 
2017-9-8 21:08:41 http-nio-8080-exec-4 DEBUG ==> Parameters: 
2017-9-8 21:08:41 http-nio-8080-exec-4 DEBUG <==      Total: 2
2017-9-8 21:08:45 http-nio-8080-exec-5 DEBUG ==>  Preparing: select id, name, user_type, phone, password, good_category_type, status, create_date, update_date, del_flag from user limit 2,2 
2017-9-8 21:08:45 http-nio-8080-exec-5 DEBUG ==> Parameters: 
2017-9-8 21:08:45 http-nio-8080-exec-5 DEBUG <==      Total: 2
2017-9-8 21:09:35 main INFO Starting ShopApplication on IE361.COM-30530 with PID 2112 (E:\workspace\shop\target\classes started by Administrator in E:\workspace\shop)
2017-9-8 21:09:35 main DEBUG Running with Spring Boot v1.5.6.RELEASE, Spring v4.3.10.RELEASE
2017-9-8 21:09:35 main INFO No active profile set, falling back to default profiles: default
2017-9-8 21:09:38 main INFO Started ShopApplication in 3.614 seconds (JVM running for 4.115)
2017-9-8 21:09:41 http-nio-8080-exec-1 DEBUG ==>  Preparing: select id, name, user_type, phone, password, good_category_type, status, create_date, update_date, del_flag from user limit 0,2 
2017-9-8 21:09:41 http-nio-8080-exec-1 DEBUG ==> Parameters: 
2017-9-8 21:09:41 http-nio-8080-exec-1 DEBUG <==      Total: 2
2017-9-8 21:09:44 http-nio-8080-exec-2 DEBUG ==>  Preparing: select id, name, user_type, phone, password, good_category_type, status, create_date, update_date, del_flag from user limit 0,2 
2017-9-8 21:09:44 http-nio-8080-exec-2 DEBUG ==> Parameters: 
2017-9-8 21:09:44 http-nio-8080-exec-2 DEBUG <==      Total: 2
2017-9-8 21:09:47 http-nio-8080-exec-3 DEBUG ==>  Preparing: select id, name, user_type, phone, password, good_category_type, status, create_date, update_date, del_flag from user limit 0,2 
2017-9-8 21:09:47 http-nio-8080-exec-3 DEBUG ==> Parameters: 
2017-9-8 21:09:47 http-nio-8080-exec-3 DEBUG <==      Total: 2
2017-9-8 21:09:56 http-nio-8080-exec-4 DEBUG ==>  Preparing: select id, name, user_type, phone, password, good_category_type, status, create_date, update_date, del_flag from user limit 0,2 
2017-9-8 21:09:56 http-nio-8080-exec-4 DEBUG ==> Parameters: 
2017-9-8 21:09:56 http-nio-8080-exec-4 DEBUG <==      Total: 2
2017-9-8 21:09:59 http-nio-8080-exec-5 DEBUG ==>  Preparing: select id, name, user_type, phone, password, good_category_type, status, create_date, update_date, del_flag from user limit 0,2 
2017-9-8 21:09:59 http-nio-8080-exec-5 DEBUG ==> Parameters: 
2017-9-8 21:09:59 http-nio-8080-exec-5 DEBUG <==      Total: 2
2017-9-8 21:10:01 http-nio-8080-exec-6 DEBUG ==>  Preparing: select id, name, user_type, phone, password, good_category_type, status, create_date, update_date, del_flag from user limit 2,2 
2017-9-8 21:10:01 http-nio-8080-exec-6 DEBUG ==> Parameters: 
2017-9-8 21:10:01 http-nio-8080-exec-6 DEBUG <==      Total: 2
2017-9-8 21:10:05 http-nio-8080-exec-7 DEBUG ==>  Preparing: select id, name, user_type, phone, password, good_category_type, status, create_date, update_date, del_flag from user limit 0,3 
2017-9-8 21:10:05 http-nio-8080-exec-7 DEBUG ==> Parameters: 
2017-9-8 21:10:05 http-nio-8080-exec-7 DEBUG <==      Total: 3
2017-9-8 21:10:09 http-nio-8080-exec-8 DEBUG ==>  Preparing: select id, name, user_type, phone, password, good_category_type, status, create_date, update_date, del_flag from user limit 3,3 
2017-9-8 21:10:09 http-nio-8080-exec-8 DEBUG ==> Parameters: 
2017-9-8 21:10:09 http-nio-8080-exec-8 DEBUG <==      Total: 1
2017-9-8 21:10:48 http-nio-8080-exec-9 DEBUG ==>  Preparing: select id, name, user_type, phone, password, good_category_type, status, create_date, update_date, del_flag from user limit 0,10 
2017-9-8 21:10:48 http-nio-8080-exec-9 DEBUG ==> Parameters: 
2017-9-8 21:10:48 http-nio-8080-exec-9 DEBUG <==      Total: 4
2017-9-8 21:11:41 main INFO Starting ShopApplication on IE361.COM-30530 with PID 7748 (E:\workspace\shop\target\classes started by Administrator in E:\workspace\shop)
2017-9-8 21:11:41 main DEBUG Running with Spring Boot v1.5.6.RELEASE, Spring v4.3.10.RELEASE
2017-9-8 21:11:41 main INFO No active profile set, falling back to default profiles: default
2017-9-8 21:11:46 main INFO Started ShopApplication in 4.915 seconds (JVM running for 5.618)
2017-9-8 21:12:13 http-nio-8080-exec-1 DEBUG ==>  Preparing: select id, name, user_type, phone, password, good_category_type, status, create_date, update_date, del_flag from user limit 0,2 
2017-9-8 21:12:13 http-nio-8080-exec-1 DEBUG ==> Parameters: 
2017-9-8 21:12:13 http-nio-8080-exec-1 DEBUG <==      Total: 2
2017-9-8 21:20:33 main INFO Starting ShopApplication on IE361.COM-30530 with PID 8884 (E:\workspace\shop\target\classes started by Administrator in E:\workspace\shop)
2017-9-8 21:20:33 main DEBUG Running with Spring Boot v1.5.6.RELEASE, Spring v4.3.10.RELEASE
2017-9-8 21:20:33 main INFO No active profile set, falling back to default profiles: default
2017-9-8 21:20:39 main INFO Started ShopApplication in 5.763 seconds (JVM running for 6.494)
2017-9-8 21:20:51 http-nio-8080-exec-1 DEBUG ==>  Preparing: select id, name, user_type, phone, password, good_category_type, status, create_date, update_date, del_flag from user limit 0,10 
2017-9-8 21:20:51 http-nio-8080-exec-1 DEBUG ==> Parameters: 
2017-9-8 21:20:51 http-nio-8080-exec-1 DEBUG <==      Total: 4
2017-9-8 21:21:43 main INFO Starting ShopApplication on IE361.COM-30530 with PID 7048 (E:\workspace\shop\target\classes started by Administrator in E:\workspace\shop)
2017-9-8 21:21:43 main DEBUG Running with Spring Boot v1.5.6.RELEASE, Spring v4.3.10.RELEASE
2017-9-8 21:21:43 main INFO No active profile set, falling back to default profiles: default
2017-9-8 21:21:48 main INFO Started ShopApplication in 5.151 seconds (JVM running for 5.716)
2017-9-8 21:21:54 http-nio-8080-exec-1 DEBUG ==>  Preparing: select id, name, user_type, phone, password, good_category_type, status, create_date, update_date, del_flag from user limit 0,10 
2017-9-8 21:21:54 http-nio-8080-exec-1 DEBUG ==> Parameters: 
2017-9-8 21:21:54 http-nio-8080-exec-1 DEBUG <==      Total: 4
2017-9-8 21:21:54 http-nio-8080-exec-1 DEBUG ==>  Preparing: select count(1) from user 
2017-9-8 21:21:54 http-nio-8080-exec-1 DEBUG ==> Parameters: 
2017-9-8 21:22:40 main INFO Starting ShopApplication on IE361.COM-30530 with PID 7500 (E:\workspace\shop\target\classes started by Administrator in E:\workspace\shop)
2017-9-8 21:22:40 main DEBUG Running with Spring Boot v1.5.6.RELEASE, Spring v4.3.10.RELEASE
2017-9-8 21:22:40 main INFO No active profile set, falling back to default profiles: default
2017-9-8 21:22:44 main INFO Started ShopApplication in 4.831 seconds (JVM running for 5.416)
2017-9-8 21:22:53 http-nio-8080-exec-1 DEBUG ==>  Preparing: select id, name, user_type, phone, password, good_category_type, status, create_date, update_date, del_flag from user limit 0,10 
2017-9-8 21:22:53 http-nio-8080-exec-1 DEBUG ==> Parameters: 
2017-9-8 21:22:53 http-nio-8080-exec-1 DEBUG <==      Total: 4
2017-9-8 21:22:53 http-nio-8080-exec-1 DEBUG ==>  Preparing: select count(1) from user 
2017-9-8 21:22:53 http-nio-8080-exec-1 DEBUG ==> Parameters: 
2017-9-8 21:22:53 http-nio-8080-exec-1 DEBUG <==      Total: 1
2017-9-8 21:24:35 http-nio-8080-exec-5 DEBUG ==>  Preparing: select id, name, user_type, phone, password, good_category_type, status, create_date, update_date, del_flag from user limit 0,10 
2017-9-8 21:24:35 http-nio-8080-exec-5 DEBUG ==> Parameters: 
2017-9-8 21:24:35 http-nio-8080-exec-5 DEBUG <==      Total: 4
2017-9-8 21:24:35 http-nio-8080-exec-5 DEBUG ==>  Preparing: select count(1) from user 
2017-9-8 21:24:35 http-nio-8080-exec-5 DEBUG ==> Parameters: 
2017-9-8 21:24:35 http-nio-8080-exec-5 DEBUG <==      Total: 1
2017-9-8 21:27:02 main INFO Starting ShopApplication on IE361.COM-30530 with PID 3748 (E:\workspace\shop\target\classes started by Administrator in E:\workspace\shop)
2017-9-8 21:27:02 main DEBUG Running with Spring Boot v1.5.6.RELEASE, Spring v4.3.10.RELEASE
2017-9-8 21:27:02 main INFO No active profile set, falling back to default profiles: default
2017-9-8 21:27:08 main INFO Started ShopApplication in 6.965 seconds (JVM running for 7.734)
2017-9-8 21:27:23 http-nio-8080-exec-1 DEBUG ==>  Preparing: select id, name, user_type, phone, password, good_category_type, status, create_date, update_date, del_flag from user limit 0,10 
2017-9-8 21:27:24 http-nio-8080-exec-1 DEBUG ==> Parameters: 
2017-9-8 21:27:24 http-nio-8080-exec-1 DEBUG <==      Total: 4
2017-9-8 21:27:24 http-nio-8080-exec-1 DEBUG ==>  Preparing: select count(1) from user 
2017-9-8 21:27:24 http-nio-8080-exec-1 DEBUG ==> Parameters: 
2017-9-8 21:27:24 http-nio-8080-exec-1 DEBUG <==      Total: 1
2017-9-8 21:28:10 http-nio-8080-exec-4 DEBUG ==>  Preparing: select id, name, user_type, phone, password, good_category_type, status, create_date, update_date, del_flag from user limit 0,2 
2017-9-8 21:28:10 http-nio-8080-exec-4 DEBUG ==> Parameters: 
2017-9-8 21:28:10 http-nio-8080-exec-4 DEBUG <==      Total: 2
2017-9-8 21:28:10 http-nio-8080-exec-4 DEBUG ==>  Preparing: select count(1) from user 
2017-9-8 21:28:10 http-nio-8080-exec-4 DEBUG ==> Parameters: 
2017-9-8 21:28:10 http-nio-8080-exec-4 DEBUG <==      Total: 1
2017-9-8 21:29:11 http-nio-8080-exec-5 DEBUG ==>  Preparing: select id, name, user_type, phone, password, good_category_type, status, create_date, update_date, del_flag from user limit 0,2 
2017-9-8 21:29:11 http-nio-8080-exec-5 DEBUG ==> Parameters: 
2017-9-8 21:29:11 http-nio-8080-exec-5 DEBUG <==      Total: 2
2017-9-8 21:29:11 http-nio-8080-exec-5 DEBUG ==>  Preparing: select count(1) from user 
2017-9-8 21:29:11 http-nio-8080-exec-5 DEBUG ==> Parameters: 
2017-9-8 21:29:11 http-nio-8080-exec-5 DEBUG <==      Total: 1
2017-9-8 22:26:10 main INFO Starting ShopApplication on IE361.COM-30530 with PID 9004 (E:\workspace\shop\target\classes started by Administrator in E:\workspace\shop)
2017-9-8 22:26:10 main DEBUG Running with Spring Boot v1.5.6.RELEASE, Spring v4.3.10.RELEASE
2017-9-8 22:26:10 main INFO No active profile set, falling back to default profiles: default
2017-9-8 22:26:13 main INFO Started ShopApplication in 4.046 seconds (JVM running for 4.435)
2017-9-8 22:28:07 http-nio-8080-exec-1 DEBUG ==>  Preparing: select id, name, user_type, phone, password, good_category_type, status, create_date, update_date, del_flag from user where id = ? 
2017-9-8 22:28:07 http-nio-8080-exec-1 DEBUG ==> Parameters: 1(Long)
2017-9-8 22:28:07 http-nio-8080-exec-1 DEBUG <==      Total: 1
