2017-10-7 20:50:30 main INFO Starting ShopApplication on IE361.COM-30530 with PID 5444 (E:\workspace\wsgw\shop\target\classes started by Administrator in E:\workspace\wsgw\shop)
2017-10-7 20:50:30 main DEBUG Running with Spring Boot v1.5.6.RELEASE, Spring v4.3.10.RELEASE
2017-10-7 20:50:30 main INFO No active profile set, falling back to default profiles: default
2017-10-7 20:50:34 main INFO Started ShopApplication in 4.604 seconds (JVM running for 5.368)
2017-10-7 20:54:10 http-nio-8080-exec-10 DEBUG ==>  Preparing: select id, name, user_type, phone, password, status, create_date, update_date, del_flag from sys_user where phone = ? and password = ? 
2017-10-7 20:54:10 http-nio-8080-exec-10 DEBUG ==> Parameters: 18825113545(String), 123456(String)
2017-10-7 20:54:10 http-nio-8080-exec-10 DEBUG <==      Total: 1
2017-10-7 20:54:12 http-nio-8080-exec-2 DEBUG ==>  Preparing: select a.id, a.title, a.name, a.advertise_category_id, a.url, a.create_date, a.update_date, a.del_flag ,b.name as 'type_name' from advertise a left join advertise_category b on a.advertise_category_id=b.id where a.del_flag=0 ORDER BY create_date desc limit 0,10 
2017-10-7 20:54:12 http-nio-8080-exec-2 DEBUG ==> Parameters: 
2017-10-7 20:54:12 http-nio-8080-exec-2 DEBUG <==      Total: 10
2017-10-7 20:54:12 http-nio-8080-exec-2 DEBUG ==>  Preparing: select count(1) from advertise where del_flag=0 
2017-10-7 20:54:12 http-nio-8080-exec-2 DEBUG ==> Parameters: 
2017-10-7 20:54:12 http-nio-8080-exec-2 DEBUG <==      Total: 1
2017-10-7 20:54:12 http-nio-8080-exec-10 DEBUG ==>  Preparing: select id, name, parent_id, parent_ids, create_date, update_date, del_flag from advertise_category where del_flag=0 
2017-10-7 20:54:12 http-nio-8080-exec-10 DEBUG ==> Parameters: 
2017-10-7 20:54:12 http-nio-8080-exec-10 DEBUG <==      Total: 15
2017-10-7 20:54:14 http-nio-8080-exec-3 DEBUG ==>  Preparing: select id, name, parent_id, parent_ids, create_date, update_date, del_flag from banner_category where del_flag=0 
2017-10-7 20:54:14 http-nio-8080-exec-3 DEBUG ==> Parameters: 
2017-10-7 20:54:14 http-nio-8080-exec-3 DEBUG <==      Total: 7
2017-10-7 20:54:14 http-nio-8080-exec-5 DEBUG ==>  Preparing: select a.id, a.title, a.name, a.banner_category_id, a.url, a.create_date, a.update_date, a.del_flag ,b.name as 'type_name' from banner a left join banner_category b on a.banner_category_id=b.id where a.del_flag=0 ORDER BY create_date desc limit 0,10 
2017-10-7 20:54:14 http-nio-8080-exec-5 DEBUG ==> Parameters: 
2017-10-7 20:54:14 http-nio-8080-exec-5 DEBUG <==      Total: 5
2017-10-7 20:54:14 http-nio-8080-exec-5 DEBUG ==>  Preparing: select count(1) from banner where del_flag=0 
2017-10-7 20:54:14 http-nio-8080-exec-5 DEBUG ==> Parameters: 
2017-10-7 20:54:14 http-nio-8080-exec-5 DEBUG <==      Total: 1
2017-10-7 20:54:19 http-nio-8080-exec-4 DEBUG ==>  Preparing: select a.id,a.name,a.user_type,a.phone,a.good_category_type,a.status,a.create_date,a.update_date ,b.name type_name from user a left join good_category b on a.good_category_type=b.id where a.del_flag=0 ORDER BY create_date desc limit 0,10 
2017-10-7 20:54:19 http-nio-8080-exec-4 DEBUG ==> Parameters: 
2017-10-7 20:54:19 http-nio-8080-exec-4 DEBUG <==      Total: 10
2017-10-7 20:54:19 http-nio-8080-exec-4 DEBUG ==>  Preparing: select count(1) from user where del_flag=0 
2017-10-7 20:54:19 http-nio-8080-exec-4 DEBUG ==> Parameters: 
2017-10-7 20:54:19 http-nio-8080-exec-4 DEBUG <==      Total: 1
2017-10-7 20:54:19 http-nio-8080-exec-2 DEBUG ==>  Preparing: select id, name, user_type, phone, password, status, create_date, update_date, del_flag from sys_user where del_flag=0 ORDER BY create_date desc limit 0,10 
2017-10-7 20:54:19 http-nio-8080-exec-2 DEBUG ==> Parameters: 
2017-10-7 20:54:19 http-nio-8080-exec-2 DEBUG <==      Total: 5
2017-10-7 20:54:19 http-nio-8080-exec-2 DEBUG ==>  Preparing: select count(1) from sys_user where del_flag=0 
2017-10-7 20:54:19 http-nio-8080-exec-2 DEBUG ==> Parameters: 
2017-10-7 20:54:19 http-nio-8080-exec-2 DEBUG <==      Total: 1
2017-10-7 20:54:21 http-nio-8080-exec-6 DEBUG ==>  Preparing: select id, name, parent_id, parent_ids, create_date, update_date, del_flag from advertise_category where del_flag=0 
2017-10-7 20:54:21 http-nio-8080-exec-6 DEBUG ==> Parameters: 
2017-10-7 20:54:21 http-nio-8080-exec-6 DEBUG <==      Total: 15
2017-10-7 20:54:23 http-nio-8080-exec-3 DEBUG ==>  Preparing: select a.id, a.title, a.name, a.advertise_category_id, a.url, a.create_date, a.update_date, a.del_flag ,b.name as 'type_name' from advertise a left join advertise_category b on a.advertise_category_id=b.id where a.del_flag=0 ORDER BY create_date desc limit 0,10 
2017-10-7 20:54:23 http-nio-8080-exec-3 DEBUG ==> Parameters: 
2017-10-7 20:54:23 http-nio-8080-exec-3 DEBUG <==      Total: 10
2017-10-7 20:54:23 http-nio-8080-exec-3 DEBUG ==>  Preparing: select count(1) from advertise where del_flag=0 
2017-10-7 20:54:23 http-nio-8080-exec-3 DEBUG ==> Parameters: 
2017-10-7 20:54:23 http-nio-8080-exec-3 DEBUG <==      Total: 1
2017-10-7 20:55:33 http-nio-8080-exec-8 DEBUG ==>  Preparing: select a.id, a.title, a.name, a.advertise_category_id, a.url, a.create_date, a.update_date, a.del_flag ,b.name as 'type_name' from advertise a left join advertise_category b on a.advertise_category_id=b.id where a.del_flag=0 ORDER BY create_date desc limit 0,10 
2017-10-7 20:55:33 http-nio-8080-exec-8 DEBUG ==> Parameters: 
2017-10-7 20:55:33 http-nio-8080-exec-8 DEBUG <==      Total: 10
2017-10-7 20:55:33 http-nio-8080-exec-8 DEBUG ==>  Preparing: select count(1) from advertise where del_flag=0 
2017-10-7 20:55:33 http-nio-8080-exec-8 DEBUG ==> Parameters: 
2017-10-7 20:55:33 http-nio-8080-exec-8 DEBUG <==      Total: 1
2017-10-7 20:55:50 http-nio-8080-exec-7 DEBUG ==>  Preparing: select a.id, a.title, a.name, a.advertise_category_id, a.url, a.create_date, a.update_date, a.del_flag ,b.name as 'type_name' from advertise a left join advertise_category b on a.advertise_category_id=b.id where a.del_flag=0 ORDER BY create_date desc limit 0,10 
2017-10-7 20:55:50 http-nio-8080-exec-7 DEBUG ==> Parameters: 
2017-10-7 20:55:50 http-nio-8080-exec-7 DEBUG <==      Total: 10
2017-10-7 20:55:50 http-nio-8080-exec-7 DEBUG ==>  Preparing: select count(1) from advertise where del_flag=0 
2017-10-7 20:55:50 http-nio-8080-exec-7 DEBUG ==> Parameters: 
2017-10-7 20:55:50 http-nio-8080-exec-7 DEBUG <==      Total: 1
2017-10-7 20:58:32 http-nio-8080-exec-9 DEBUG ==>  Preparing: select a.id, a.title, a.name, a.advertise_category_id, a.url, a.create_date, a.update_date, a.del_flag ,b.name as 'type_name' from advertise a left join advertise_category b on a.advertise_category_id=b.id where a.del_flag=0 ORDER BY create_date desc limit 0,10 
2017-10-7 20:58:32 http-nio-8080-exec-9 DEBUG ==> Parameters: 
2017-10-7 20:58:32 http-nio-8080-exec-9 DEBUG <==      Total: 10
2017-10-7 20:58:32 http-nio-8080-exec-9 DEBUG ==>  Preparing: select count(1) from advertise where del_flag=0 
2017-10-7 20:58:32 http-nio-8080-exec-9 DEBUG ==> Parameters: 
2017-10-7 20:58:32 http-nio-8080-exec-9 DEBUG <==      Total: 1
2017-10-7 20:59:11 http-nio-8080-exec-4 DEBUG ==>  Preparing: select a.id, a.title, a.name, a.advertise_category_id, a.url, a.create_date, a.update_date, a.del_flag ,b.name as 'type_name' from advertise a left join advertise_category b on a.advertise_category_id=b.id where a.del_flag=0 ORDER BY create_date desc limit 0,10 
2017-10-7 20:59:11 http-nio-8080-exec-4 DEBUG ==> Parameters: 
2017-10-7 20:59:11 http-nio-8080-exec-4 DEBUG <==      Total: 10
2017-10-7 20:59:11 http-nio-8080-exec-4 DEBUG ==>  Preparing: select count(1) from advertise where del_flag=0 
2017-10-7 20:59:11 http-nio-8080-exec-4 DEBUG ==> Parameters: 
2017-10-7 20:59:11 http-nio-8080-exec-4 DEBUG <==      Total: 1
2017-10-7 20:59:12 http-nio-8080-exec-7 DEBUG ==>  Preparing: select a.id, a.title, a.name, a.advertise_category_id, a.url, a.create_date, a.update_date, a.del_flag ,b.name as 'type_name' from advertise a left join advertise_category b on a.advertise_category_id=b.id where a.del_flag=0 ORDER BY create_date desc limit 0,10 
2017-10-7 20:59:12 http-nio-8080-exec-7 DEBUG ==> Parameters: 
2017-10-7 20:59:12 http-nio-8080-exec-7 DEBUG <==      Total: 10
2017-10-7 20:59:12 http-nio-8080-exec-7 DEBUG ==>  Preparing: select count(1) from advertise where del_flag=0 
2017-10-7 20:59:12 http-nio-8080-exec-7 DEBUG ==> Parameters: 
2017-10-7 20:59:12 http-nio-8080-exec-7 DEBUG <==      Total: 1
2017-10-7 20:59:13 http-nio-8080-exec-10 DEBUG ==>  Preparing: select a.id, a.title, a.name, a.advertise_category_id, a.url, a.create_date, a.update_date, a.del_flag ,b.name as 'type_name' from advertise a left join advertise_category b on a.advertise_category_id=b.id where a.del_flag=0 ORDER BY create_date desc limit 0,10 
2017-10-7 20:59:13 http-nio-8080-exec-10 DEBUG ==> Parameters: 
2017-10-7 20:59:13 http-nio-8080-exec-10 DEBUG <==      Total: 10
2017-10-7 20:59:13 http-nio-8080-exec-10 DEBUG ==>  Preparing: select count(1) from advertise where del_flag=0 
2017-10-7 20:59:13 http-nio-8080-exec-10 DEBUG ==> Parameters: 
2017-10-7 20:59:13 http-nio-8080-exec-10 DEBUG <==      Total: 1
2017-10-7 20:59:19 http-nio-8080-exec-5 DEBUG ==>  Preparing: select a.id, a.title, a.name, a.advertise_category_id, a.url, a.create_date, a.update_date, a.del_flag ,b.name as 'type_name' from advertise a left join advertise_category b on a.advertise_category_id=b.id where a.del_flag=0 ORDER BY create_date desc limit 0,10 
2017-10-7 20:59:19 http-nio-8080-exec-5 DEBUG ==> Parameters: 
2017-10-7 20:59:19 http-nio-8080-exec-5 DEBUG <==      Total: 10
2017-10-7 20:59:19 http-nio-8080-exec-5 DEBUG ==>  Preparing: select count(1) from advertise where del_flag=0 
2017-10-7 20:59:19 http-nio-8080-exec-5 DEBUG ==> Parameters: 
2017-10-7 20:59:19 http-nio-8080-exec-5 DEBUG <==      Total: 1
2017-10-7 20:59:28 http-nio-8080-exec-1 DEBUG ==>  Preparing: select a.id, a.title, a.name, a.advertise_category_id, a.url, a.create_date, a.update_date, a.del_flag ,b.name as 'type_name' from advertise a left join advertise_category b on a.advertise_category_id=b.id where a.del_flag=0 ORDER BY create_date desc limit 0,20 
2017-10-7 20:59:28 http-nio-8080-exec-1 DEBUG ==> Parameters: 
2017-10-7 20:59:28 http-nio-8080-exec-1 DEBUG <==      Total: 17
2017-10-7 20:59:28 http-nio-8080-exec-1 DEBUG ==>  Preparing: select count(1) from advertise where del_flag=0 
2017-10-7 20:59:28 http-nio-8080-exec-1 DEBUG ==> Parameters: 
2017-10-7 20:59:28 http-nio-8080-exec-1 DEBUG <==      Total: 1
2017-10-7 20:59:32 http-nio-8080-exec-9 DEBUG ==>  Preparing: select a.id, a.title, a.name, a.advertise_category_id, a.url, a.create_date, a.update_date, a.del_flag ,b.name as 'type_name' from advertise a left join advertise_category b on a.advertise_category_id=b.id where a.del_flag=0 ORDER BY create_date desc limit 0,10 
2017-10-7 20:59:32 http-nio-8080-exec-9 DEBUG ==> Parameters: 
2017-10-7 20:59:32 http-nio-8080-exec-9 DEBUG <==      Total: 10
2017-10-7 20:59:32 http-nio-8080-exec-9 DEBUG ==>  Preparing: select count(1) from advertise where del_flag=0 
2017-10-7 20:59:32 http-nio-8080-exec-9 DEBUG ==> Parameters: 
2017-10-7 20:59:32 http-nio-8080-exec-9 DEBUG <==      Total: 1
2017-10-7 20:59:35 http-nio-8080-exec-4 DEBUG ==>  Preparing: select a.id, a.title, a.name, a.advertise_category_id, a.url, a.create_date, a.update_date, a.del_flag ,b.name as 'type_name' from advertise a left join advertise_category b on a.advertise_category_id=b.id where a.del_flag=0 ORDER BY create_date desc limit 0,10 
2017-10-7 20:59:35 http-nio-8080-exec-4 DEBUG ==> Parameters: 
2017-10-7 20:59:35 http-nio-8080-exec-4 DEBUG <==      Total: 10
2017-10-7 20:59:35 http-nio-8080-exec-4 DEBUG ==>  Preparing: select count(1) from advertise where del_flag=0 
2017-10-7 20:59:35 http-nio-8080-exec-4 DEBUG ==> Parameters: 
2017-10-7 20:59:35 http-nio-8080-exec-4 DEBUG <==      Total: 1
2017-10-7 20:59:50 http-nio-8080-exec-7 DEBUG ==>  Preparing: select a.id, a.title, a.name, a.advertise_category_id, a.url, a.create_date, a.update_date, a.del_flag ,b.name as 'type_name' from advertise a left join advertise_category b on a.advertise_category_id=b.id where a.del_flag=0 ORDER BY create_date desc limit 0,10 
2017-10-7 20:59:50 http-nio-8080-exec-7 DEBUG ==> Parameters: 
2017-10-7 20:59:50 http-nio-8080-exec-7 DEBUG <==      Total: 10
2017-10-7 20:59:50 http-nio-8080-exec-7 DEBUG ==>  Preparing: select count(1) from advertise where del_flag=0 
2017-10-7 20:59:50 http-nio-8080-exec-7 DEBUG ==> Parameters: 
2017-10-7 20:59:50 http-nio-8080-exec-7 DEBUG <==      Total: 1
2017-10-7 20:59:52 http-nio-8080-exec-10 DEBUG ==>  Preparing: select a.id, a.title, a.name, a.advertise_category_id, a.url, a.create_date, a.update_date, a.del_flag ,b.name as 'type_name' from advertise a left join advertise_category b on a.advertise_category_id=b.id where a.del_flag=0 ORDER BY create_date desc limit 0,10 
2017-10-7 20:59:52 http-nio-8080-exec-10 DEBUG ==> Parameters: 
2017-10-7 20:59:52 http-nio-8080-exec-10 DEBUG <==      Total: 10
2017-10-7 20:59:52 http-nio-8080-exec-10 DEBUG ==>  Preparing: select count(1) from advertise where del_flag=0 
2017-10-7 20:59:52 http-nio-8080-exec-10 DEBUG ==> Parameters: 
2017-10-7 20:59:52 http-nio-8080-exec-10 DEBUG <==      Total: 1
2017-10-7 20:59:56 http-nio-8080-exec-5 DEBUG ==>  Preparing: select a.id, a.title, a.name, a.advertise_category_id, a.url, a.create_date, a.update_date, a.del_flag ,b.name as 'type_name' from advertise a left join advertise_category b on a.advertise_category_id=b.id where a.del_flag=0 ORDER BY create_date desc limit 0,10 
2017-10-7 20:59:56 http-nio-8080-exec-5 DEBUG ==> Parameters: 
2017-10-7 20:59:56 http-nio-8080-exec-5 DEBUG <==      Total: 10
2017-10-7 20:59:56 http-nio-8080-exec-5 DEBUG ==>  Preparing: select count(1) from advertise where del_flag=0 
2017-10-7 20:59:56 http-nio-8080-exec-5 DEBUG ==> Parameters: 
2017-10-7 20:59:56 http-nio-8080-exec-5 DEBUG <==      Total: 1
2017-10-7 21:00:13 http-nio-8080-exec-6 DEBUG ==>  Preparing: select a.id, a.title, a.name, a.advertise_category_id, a.url, a.create_date, a.update_date, a.del_flag ,b.name as 'type_name' from advertise a left join advertise_category b on a.advertise_category_id=b.id where a.del_flag=0 ORDER BY create_date desc limit 0,10 
2017-10-7 21:00:13 http-nio-8080-exec-6 DEBUG ==> Parameters: 
2017-10-7 21:00:13 http-nio-8080-exec-6 DEBUG <==      Total: 10
2017-10-7 21:00:13 http-nio-8080-exec-6 DEBUG ==>  Preparing: select count(1) from advertise where del_flag=0 
2017-10-7 21:00:13 http-nio-8080-exec-6 DEBUG ==> Parameters: 
2017-10-7 21:00:13 http-nio-8080-exec-6 DEBUG <==      Total: 1
2017-10-7 21:01:48 main INFO Starting ShopApplication on IE361.COM-30530 with PID 3940 (E:\workspace\wsgw\shop\target\classes started by Administrator in E:\workspace\wsgw\shop)
2017-10-7 21:01:48 main DEBUG Running with Spring Boot v1.5.6.RELEASE, Spring v4.3.10.RELEASE
2017-10-7 21:01:48 main INFO No active profile set, falling back to default profiles: default
2017-10-7 21:01:53 main INFO Started ShopApplication in 5.612 seconds (JVM running for 6.551)
2017-10-7 21:02:07 http-nio-8080-exec-2 DEBUG ==>  Preparing: select id, name, user_type, phone, password, status, create_date, update_date, del_flag from sys_user where phone = ? and password = ? 
2017-10-7 21:02:07 http-nio-8080-exec-2 DEBUG ==> Parameters: 18825113545(String), 123456(String)
2017-10-7 21:02:08 http-nio-8080-exec-2 DEBUG <==      Total: 1
2017-10-7 21:02:18 http-nio-8080-exec-8 DEBUG ==>  Preparing: select a.id, a.title, a.name, a.advertise_category_id, a.url, a.create_date, a.update_date, a.del_flag ,b.name as 'type_name' from advertise a left join advertise_category b on a.advertise_category_id=b.id where a.del_flag=0 ORDER BY create_date desc limit 0,10 
2017-10-7 21:02:18 http-nio-8080-exec-8 DEBUG ==> Parameters: 
2017-10-7 21:02:18 http-nio-8080-exec-8 DEBUG <==      Total: 10
2017-10-7 21:02:18 http-nio-8080-exec-8 DEBUG ==>  Preparing: select count(1) from advertise where del_flag=0 
2017-10-7 21:02:18 http-nio-8080-exec-8 DEBUG ==> Parameters: 
2017-10-7 21:02:18 http-nio-8080-exec-8 DEBUG <==      Total: 1
2017-10-7 21:02:33 http-nio-8080-exec-9 DEBUG ==>  Preparing: select a.id, a.title, a.name, a.advertise_category_id, a.url, a.create_date, a.update_date, a.del_flag ,b.name as 'type_name' from advertise a left join advertise_category b on a.advertise_category_id=b.id where a.del_flag=0 ORDER BY create_date desc limit 0,10 
2017-10-7 21:02:33 http-nio-8080-exec-9 DEBUG ==> Parameters: 
2017-10-7 21:02:33 http-nio-8080-exec-9 DEBUG <==      Total: 10
2017-10-7 21:02:45 http-nio-8080-exec-9 DEBUG ==>  Preparing: select count(1) from advertise where del_flag=0 
2017-10-7 21:02:45 http-nio-8080-exec-9 DEBUG ==> Parameters: 
2017-10-7 21:02:45 http-nio-8080-exec-9 DEBUG <==      Total: 1
2017-10-7 21:07:36 http-nio-8080-exec-1 DEBUG ==>  Preparing: select a.id, a.title, a.name, a.advertise_category_id, a.url, a.create_date, a.update_date, a.del_flag ,b.name as 'type_name' from advertise a left join advertise_category b on a.advertise_category_id=b.id where a.del_flag=0 ORDER BY create_date desc limit 0,10 
2017-10-7 21:07:36 http-nio-8080-exec-1 DEBUG ==> Parameters: 
2017-10-7 21:07:36 http-nio-8080-exec-1 DEBUG <==      Total: 10
2017-10-7 21:07:37 http-nio-8080-exec-1 DEBUG ==>  Preparing: select count(1) from advertise where del_flag=0 
2017-10-7 21:07:37 http-nio-8080-exec-1 DEBUG ==> Parameters: 
2017-10-7 21:07:37 http-nio-8080-exec-1 DEBUG <==      Total: 1
2017-10-7 21:12:49 http-nio-8080-exec-2 DEBUG ==>  Preparing: select a.id, a.title, a.name, a.advertise_category_id, a.url, a.create_date, a.update_date, a.del_flag ,b.name as 'type_name' from advertise a left join advertise_category b on a.advertise_category_id=b.id where a.del_flag=0 ORDER BY create_date desc limit 0,10 
2017-10-7 21:12:49 http-nio-8080-exec-2 DEBUG ==> Parameters: 
2017-10-7 21:12:49 http-nio-8080-exec-2 DEBUG <==      Total: 10
2017-10-7 21:13:11 http-nio-8080-exec-2 DEBUG ==>  Preparing: select count(1) from advertise where del_flag=0 
2017-10-7 21:13:11 http-nio-8080-exec-2 DEBUG ==> Parameters: 
2017-10-7 21:13:11 http-nio-8080-exec-2 DEBUG <==      Total: 1
2017-10-7 21:20:19 main INFO Starting ShopApplication on IE361.COM-30530 with PID 4720 (E:\workspace\wsgw\shop\target\classes started by Administrator in E:\workspace\wsgw\shop)
2017-10-7 21:20:19 main DEBUG Running with Spring Boot v1.5.6.RELEASE, Spring v4.3.10.RELEASE
2017-10-7 21:20:19 main INFO No active profile set, falling back to default profiles: default
2017-10-7 21:20:23 main INFO Started ShopApplication in 4.381 seconds (JVM running for 4.87)
2017-10-7 21:20:37 http-nio-8080-exec-4 DEBUG ==>  Preparing: select id, name, user_type, phone, password, status, create_date, update_date, del_flag from sys_user where phone = ? and password = ? 
2017-10-7 21:20:37 http-nio-8080-exec-4 DEBUG ==> Parameters: 18825113545(String), 123456(String)
2017-10-7 21:20:37 http-nio-8080-exec-4 DEBUG <==      Total: 1
2017-10-7 21:20:39 http-nio-8080-exec-9 DEBUG ==>  Preparing: select a.id, a.title, a.name, a.advertise_category_id, a.url, a.create_date, a.update_date, a.del_flag ,b.name as 'type_name' from advertise a left join advertise_category b on a.advertise_category_id=b.id where a.del_flag=0 ORDER BY create_date desc limit 0,10 
2017-10-7 21:20:39 http-nio-8080-exec-9 DEBUG ==> Parameters: 
2017-10-7 21:20:39 http-nio-8080-exec-9 DEBUG <==      Total: 10
2017-10-7 21:20:39 http-nio-8080-exec-9 DEBUG ==>  Preparing: select count(1) from advertise where del_flag=0 
2017-10-7 21:20:39 http-nio-8080-exec-9 DEBUG ==> Parameters: 
2017-10-7 21:20:39 http-nio-8080-exec-9 DEBUG <==      Total: 1
2017-10-7 21:20:40 http-nio-8080-exec-10 DEBUG ==>  Preparing: select a.id, a.title, a.name, a.advertise_category_id, a.url, a.create_date, a.update_date, a.del_flag ,b.name as 'type_name' from advertise a left join advertise_category b on a.advertise_category_id=b.id where a.del_flag=0 ORDER BY create_date desc limit 0,10 
2017-10-7 21:20:40 http-nio-8080-exec-10 DEBUG ==> Parameters: 
2017-10-7 21:20:40 http-nio-8080-exec-10 DEBUG <==      Total: 10
2017-10-7 21:20:40 http-nio-8080-exec-10 DEBUG ==>  Preparing: select count(1) from advertise where del_flag=0 
2017-10-7 21:20:40 http-nio-8080-exec-10 DEBUG ==> Parameters: 
2017-10-7 21:20:40 http-nio-8080-exec-10 DEBUG <==      Total: 1
2017-10-7 21:21:37 main INFO Starting ShopApplication on IE361.COM-30530 with PID 1096 (E:\workspace\wsgw\shop\target\classes started by Administrator in E:\workspace\wsgw\shop)
2017-10-7 21:21:37 main DEBUG Running with Spring Boot v1.5.6.RELEASE, Spring v4.3.10.RELEASE
2017-10-7 21:21:37 main INFO No active profile set, falling back to default profiles: default
2017-10-7 21:21:43 main INFO Started ShopApplication in 6.312 seconds (JVM running for 7.22)
2017-10-7 21:21:43 http-nio-8080-exec-1 DEBUG ==>  Preparing: select id, name, user_type, phone, password, status, create_date, update_date, del_flag from sys_user where phone = ? and password = ? 
2017-10-7 21:21:43 http-nio-8080-exec-1 DEBUG ==> Parameters: 18825113545(String), 123456(String)
2017-10-7 21:21:43 http-nio-8080-exec-1 DEBUG <==      Total: 1
2017-10-7 21:21:58 http-nio-8080-exec-7 DEBUG ==>  Preparing: select a.id, a.title, a.name, a.advertise_category_id, a.url, a.create_date, a.update_date, a.del_flag ,b.name as 'type_name' from advertise a left join advertise_category b on a.advertise_category_id=b.id where a.del_flag=0 ORDER BY create_date desc limit 0,10 
2017-10-7 21:21:58 http-nio-8080-exec-7 DEBUG ==> Parameters: 
2017-10-7 21:21:58 http-nio-8080-exec-7 DEBUG <==      Total: 10
2017-10-7 21:21:59 http-nio-8080-exec-7 DEBUG ==>  Preparing: select count(1) from advertise where del_flag=0 
2017-10-7 21:21:59 http-nio-8080-exec-7 DEBUG ==> Parameters: 
2017-10-7 21:21:59 http-nio-8080-exec-7 DEBUG <==      Total: 1
2017-10-7 21:22:25 http-nio-8080-exec-8 DEBUG ==>  Preparing: select a.id, a.title, a.name, a.advertise_category_id, a.url, a.create_date, a.update_date, a.del_flag ,b.name as 'type_name' from advertise a left join advertise_category b on a.advertise_category_id=b.id where a.del_flag=0 ORDER BY create_date desc limit 0,10 
2017-10-7 21:22:25 http-nio-8080-exec-8 DEBUG ==> Parameters: 
2017-10-7 21:22:25 http-nio-8080-exec-8 DEBUG <==      Total: 10
2017-10-7 21:22:31 http-nio-8080-exec-8 DEBUG ==>  Preparing: select count(1) from advertise where del_flag=0 
2017-10-7 21:22:31 http-nio-8080-exec-8 DEBUG ==> Parameters: 
2017-10-7 21:22:31 http-nio-8080-exec-8 DEBUG <==      Total: 1
2017-10-7 21:23:06 http-nio-8080-exec-10 DEBUG ==>  Preparing: select a.id, a.title, a.name, a.advertise_category_id, a.url, a.create_date, a.update_date, a.del_flag ,b.name as 'type_name' from advertise a left join advertise_category b on a.advertise_category_id=b.id where a.del_flag=0 ORDER BY create_date desc limit 0,10 
2017-10-7 21:23:06 http-nio-8080-exec-10 DEBUG ==> Parameters: 
2017-10-7 21:23:06 http-nio-8080-exec-10 DEBUG <==      Total: 10
2017-10-7 21:23:09 http-nio-8080-exec-10 DEBUG ==>  Preparing: select count(1) from advertise where del_flag=0 
2017-10-7 21:23:09 http-nio-8080-exec-10 DEBUG ==> Parameters: 
2017-10-7 21:23:09 http-nio-8080-exec-10 DEBUG <==      Total: 1
2017-10-7 21:27:26 http-nio-8080-exec-1 DEBUG ==>  Preparing: select a.id, a.title, a.name, a.advertise_category_id, a.url, a.create_date, a.update_date, a.del_flag ,b.name as 'type_name' from advertise a left join advertise_category b on a.advertise_category_id=b.id where a.del_flag=0 ORDER BY create_date desc limit 0,10 
2017-10-7 21:27:26 http-nio-8080-exec-1 DEBUG ==> Parameters: 
2017-10-7 21:27:26 http-nio-8080-exec-1 DEBUG <==      Total: 10
2017-10-7 21:27:27 http-nio-8080-exec-1 DEBUG ==>  Preparing: select count(1) from advertise where del_flag=0 
2017-10-7 21:27:27 http-nio-8080-exec-1 DEBUG ==> Parameters: 
2017-10-7 21:27:27 http-nio-8080-exec-1 DEBUG <==      Total: 1
2017-10-7 21:27:37 main INFO Starting ShopApplication on IE361.COM-30530 with PID 5364 (E:\workspace\wsgw\shop\target\classes started by Administrator in E:\workspace\wsgw\shop)
2017-10-7 21:27:37 main DEBUG Running with Spring Boot v1.5.6.RELEASE, Spring v4.3.10.RELEASE
2017-10-7 21:27:37 main INFO No active profile set, falling back to default profiles: default
2017-10-7 21:27:41 main INFO Started ShopApplication in 4.901 seconds (JVM running for 5.488)
2017-10-7 21:27:54 http-nio-8080-exec-3 DEBUG ==>  Preparing: select id, name, user_type, phone, password, status, create_date, update_date, del_flag from sys_user where phone = ? and password = ? 
2017-10-7 21:27:54 http-nio-8080-exec-3 DEBUG ==> Parameters: 18825113545(String), 123456(String)
2017-10-7 21:27:54 http-nio-8080-exec-3 DEBUG <==      Total: 1
2017-10-7 21:28:06 http-nio-8080-exec-4 DEBUG ==>  Preparing: select a.id, a.title, a.name, a.advertise_category_id, a.url, a.create_date, a.update_date, a.del_flag ,b.name as 'type_name' from advertise a left join advertise_category b on a.advertise_category_id=b.id where a.del_flag=0 ORDER BY create_date desc limit 0,10 
2017-10-7 21:28:06 http-nio-8080-exec-4 DEBUG ==> Parameters: 
2017-10-7 21:28:06 http-nio-8080-exec-4 DEBUG <==      Total: 10
2017-10-7 21:28:07 http-nio-8080-exec-4 DEBUG ==>  Preparing: select count(1) from advertise where del_flag=0 
2017-10-7 21:28:07 http-nio-8080-exec-4 DEBUG ==> Parameters: 
2017-10-7 21:28:07 http-nio-8080-exec-4 DEBUG <==      Total: 1
2017-10-7 21:28:15 http-nio-8080-exec-1 DEBUG ==>  Preparing: select a.id, a.title, a.name, a.advertise_category_id, a.url, a.create_date, a.update_date, a.del_flag ,b.name as 'type_name' from advertise a left join advertise_category b on a.advertise_category_id=b.id where a.del_flag=0 ORDER BY create_date desc limit 10,10 
2017-10-7 21:28:15 http-nio-8080-exec-1 DEBUG ==> Parameters: 
2017-10-7 21:28:15 http-nio-8080-exec-1 DEBUG <==      Total: 7
2017-10-7 21:28:18 http-nio-8080-exec-1 DEBUG ==>  Preparing: select count(1) from advertise where del_flag=0 
2017-10-7 21:28:18 http-nio-8080-exec-1 DEBUG ==> Parameters: 
2017-10-7 21:28:18 http-nio-8080-exec-1 DEBUG <==      Total: 1
2017-10-7 21:28:28 http-nio-8080-exec-2 DEBUG ==>  Preparing: select a.id, a.title, a.name, a.advertise_category_id, a.url, a.create_date, a.update_date, a.del_flag ,b.name as 'type_name' from advertise a left join advertise_category b on a.advertise_category_id=b.id where a.del_flag=0 ORDER BY create_date desc limit 0,10 
2017-10-7 21:28:28 http-nio-8080-exec-2 DEBUG ==> Parameters: 
2017-10-7 21:28:28 http-nio-8080-exec-2 DEBUG <==      Total: 10
2017-10-7 21:28:28 http-nio-8080-exec-2 DEBUG ==>  Preparing: select count(1) from advertise where del_flag=0 
2017-10-7 21:28:28 http-nio-8080-exec-2 DEBUG ==> Parameters: 
2017-10-7 21:28:28 http-nio-8080-exec-2 DEBUG <==      Total: 1
2017-10-7 21:28:31 http-nio-8080-exec-7 DEBUG ==>  Preparing: select id, name, parent_id, parent_ids, create_date, update_date, del_flag from advertise_category where del_flag=0 
2017-10-7 21:28:31 http-nio-8080-exec-7 DEBUG ==> Parameters: 
2017-10-7 21:28:31 http-nio-8080-exec-7 DEBUG <==      Total: 15
2017-10-7 21:28:33 http-nio-8080-exec-8 DEBUG ==>  Preparing: select a.id, a.title, a.name, a.banner_category_id, a.url, a.create_date, a.update_date, a.del_flag ,b.name as 'type_name' from banner a left join banner_category b on a.banner_category_id=b.id where a.del_flag=0 ORDER BY create_date desc limit 0,10 
2017-10-7 21:28:33 http-nio-8080-exec-8 DEBUG ==> Parameters: 
2017-10-7 21:28:33 http-nio-8080-exec-8 DEBUG <==      Total: 5
2017-10-7 21:28:33 http-nio-8080-exec-8 DEBUG ==>  Preparing: select count(1) from banner where del_flag=0 
2017-10-7 21:28:33 http-nio-8080-exec-8 DEBUG ==> Parameters: 
2017-10-7 21:28:33 http-nio-8080-exec-8 DEBUG <==      Total: 1
2017-10-7 21:28:37 http-nio-8080-exec-3 DEBUG ==>  Preparing: select id, name, user_type, phone, password, status, create_date, update_date, del_flag from sys_user where del_flag=0 ORDER BY create_date desc limit 0,10 
2017-10-7 21:28:37 http-nio-8080-exec-3 DEBUG ==> Parameters: 
2017-10-7 21:28:37 http-nio-8080-exec-3 DEBUG <==      Total: 5
2017-10-7 21:28:37 http-nio-8080-exec-3 DEBUG ==>  Preparing: select count(1) from sys_user where del_flag=0 
2017-10-7 21:28:37 http-nio-8080-exec-3 DEBUG ==> Parameters: 
2017-10-7 21:28:37 http-nio-8080-exec-3 DEBUG <==      Total: 1
2017-10-7 21:28:38 http-nio-8080-exec-9 DEBUG ==>  Preparing: select a.id,a.name,a.user_type,a.phone,a.good_category_type,a.status,a.create_date,a.update_date ,b.name type_name from user a left join good_category b on a.good_category_type=b.id where a.del_flag=0 ORDER BY create_date desc limit 0,10 
2017-10-7 21:28:38 http-nio-8080-exec-9 DEBUG ==> Parameters: 
2017-10-7 21:28:38 http-nio-8080-exec-9 DEBUG <==      Total: 10
2017-10-7 21:28:38 http-nio-8080-exec-9 DEBUG ==>  Preparing: select count(1) from user where del_flag=0 
2017-10-7 21:28:38 http-nio-8080-exec-9 DEBUG ==> Parameters: 
2017-10-7 21:28:38 http-nio-8080-exec-9 DEBUG <==      Total: 1
2017-10-7 21:28:41 http-nio-8080-exec-10 DEBUG ==>  Preparing: select a.id,a.name,a.user_type,a.phone,a.good_category_type,a.status,a.create_date,a.update_date ,b.name type_name from user a left join good_category b on a.good_category_type=b.id where a.del_flag=0 ORDER BY create_date desc limit 10,10 
2017-10-7 21:28:41 http-nio-8080-exec-10 DEBUG ==> Parameters: 
2017-10-7 21:28:41 http-nio-8080-exec-10 DEBUG <==      Total: 1
2017-10-7 21:28:41 http-nio-8080-exec-10 DEBUG ==>  Preparing: select count(1) from user where del_flag=0 
2017-10-7 21:28:41 http-nio-8080-exec-10 DEBUG ==> Parameters: 
2017-10-7 21:28:41 http-nio-8080-exec-10 DEBUG <==      Total: 1
2017-10-7 21:28:43 http-nio-8080-exec-5 DEBUG ==>  Preparing: select a.id,a.name,a.user_type,a.phone,a.good_category_type,a.status,a.create_date,a.update_date ,b.name type_name from user a left join good_category b on a.good_category_type=b.id where a.del_flag=0 ORDER BY create_date desc limit 0,10 
2017-10-7 21:28:43 http-nio-8080-exec-5 DEBUG ==> Parameters: 
2017-10-7 21:28:43 http-nio-8080-exec-5 DEBUG <==      Total: 10
2017-10-7 21:28:43 http-nio-8080-exec-5 DEBUG ==>  Preparing: select count(1) from user where del_flag=0 
2017-10-7 21:28:43 http-nio-8080-exec-5 DEBUG ==> Parameters: 
2017-10-7 21:28:43 http-nio-8080-exec-5 DEBUG <==      Total: 1
2017-10-7 21:28:44 http-nio-8080-exec-8 DEBUG ==>  Preparing: select a.id,a.name,a.user_type,a.phone,a.good_category_type,a.status,a.create_date,a.update_date ,b.name type_name from user a left join good_category b on a.good_category_type=b.id where a.del_flag=0 ORDER BY create_date desc limit 10,10 
2017-10-7 21:28:44 http-nio-8080-exec-8 DEBUG ==> Parameters: 
2017-10-7 21:28:44 http-nio-8080-exec-8 DEBUG <==      Total: 1
2017-10-7 21:28:44 http-nio-8080-exec-8 DEBUG ==>  Preparing: select count(1) from user where del_flag=0 
2017-10-7 21:28:44 http-nio-8080-exec-8 DEBUG ==> Parameters: 
2017-10-7 21:28:44 http-nio-8080-exec-8 DEBUG <==      Total: 1
2017-10-7 22:00:28 http-nio-8080-exec-3 DEBUG ==>  Preparing: select id, name, user_type, phone, password, status, create_date, update_date, del_flag from sys_user where phone = ? and password = ? 
2017-10-7 22:00:28 http-nio-8080-exec-3 DEBUG ==> Parameters: 18825113545(String), 123456(String)
2017-10-7 22:00:28 http-nio-8080-exec-3 DEBUG <==      Total: 1
2017-10-7 22:00:34 http-nio-8080-exec-7 DEBUG ==>  Preparing: select id, name, user_type, phone, password, status, create_date, update_date, del_flag from sys_user where phone = ? and password = ? 
2017-10-7 22:00:34 http-nio-8080-exec-7 DEBUG ==> Parameters: 18825113545(String), 123456(String)
2017-10-7 22:00:34 http-nio-8080-exec-7 DEBUG <==      Total: 1
2017-10-7 22:00:36 http-nio-8080-exec-3 DEBUG ==>  Preparing: select id, name, parent_id, parent_ids, create_date, update_date, del_flag from advertise_category where del_flag=0 
2017-10-7 22:00:36 http-nio-8080-exec-3 DEBUG ==> Parameters: 
2017-10-7 22:00:36 http-nio-8080-exec-3 DEBUG <==      Total: 15
2017-10-7 22:00:39 http-nio-8080-exec-7 DEBUG ==>  Preparing: select id, name, parent_id, parent_ids, create_date, update_date, del_flag from advertise_category where del_flag=0 
2017-10-7 22:00:39 http-nio-8080-exec-7 DEBUG ==> Parameters: 
2017-10-7 22:00:39 http-nio-8080-exec-7 DEBUG <==      Total: 15
2017-10-7 22:00:40 http-nio-8080-exec-5 DEBUG ==>  Preparing: select a.id, a.title, a.name, a.advertise_category_id, a.url, a.create_date, a.update_date, a.del_flag ,b.name as 'type_name' from advertise a left join advertise_category b on a.advertise_category_id=b.id where a.del_flag=0 ORDER BY create_date desc limit 0,10 
2017-10-7 22:00:40 http-nio-8080-exec-5 DEBUG ==> Parameters: 
2017-10-7 22:00:40 http-nio-8080-exec-5 DEBUG <==      Total: 10
2017-10-7 22:00:40 http-nio-8080-exec-5 DEBUG ==>  Preparing: select count(1) from advertise where del_flag=0 
2017-10-7 22:00:40 http-nio-8080-exec-5 DEBUG ==> Parameters: 
2017-10-7 22:00:40 http-nio-8080-exec-5 DEBUG <==      Total: 1
2017-10-7 22:00:48 http-nio-8080-exec-4 DEBUG ==>  Preparing: select a.id, a.title, a.name, a.advertise_category_id, a.url, a.create_date, a.update_date, a.del_flag ,b.name as 'type_name' from advertise a left join advertise_category b on a.advertise_category_id=b.id where a.del_flag=0 ORDER BY create_date desc limit 0,10 
2017-10-7 22:00:48 http-nio-8080-exec-4 DEBUG ==> Parameters: 
2017-10-7 22:00:48 http-nio-8080-exec-4 DEBUG <==      Total: 10
2017-10-7 22:00:48 http-nio-8080-exec-4 DEBUG ==>  Preparing: select count(1) from advertise where del_flag=0 
2017-10-7 22:00:48 http-nio-8080-exec-4 DEBUG ==> Parameters: 
2017-10-7 22:00:48 http-nio-8080-exec-4 DEBUG <==      Total: 1
2017-10-7 22:18:43 http-nio-8080-exec-2 DEBUG ==>  Preparing: select a.id, a.title, a.name, a.advertise_category_id, a.url, a.create_date, a.update_date, a.del_flag ,b.name as 'type_name' from advertise a left join advertise_category b on a.advertise_category_id=b.id where a.del_flag=0 ORDER BY create_date desc limit 0,10 
2017-10-7 22:18:43 http-nio-8080-exec-2 DEBUG ==> Parameters: 
2017-10-7 22:18:43 http-nio-8080-exec-2 DEBUG <==      Total: 10
2017-10-7 22:18:43 http-nio-8080-exec-2 DEBUG ==>  Preparing: select count(1) from advertise where del_flag=0 
2017-10-7 22:18:43 http-nio-8080-exec-2 DEBUG ==> Parameters: 
2017-10-7 22:18:43 http-nio-8080-exec-2 DEBUG <==      Total: 1
2017-10-7 22:18:47 http-nio-8080-exec-10 DEBUG ==>  Preparing: select id, name, parent_id, parent_ids, create_date, update_date, del_flag from banner_category where del_flag=0 
2017-10-7 22:18:47 http-nio-8080-exec-10 DEBUG ==> Parameters: 
2017-10-7 22:18:47 http-nio-8080-exec-10 DEBUG <==      Total: 7
2017-10-7 22:18:48 http-nio-8080-exec-1 DEBUG ==>  Preparing: select a.id, a.title, a.name, a.banner_category_id, a.url, a.create_date, a.update_date, a.del_flag ,b.name as 'type_name' from banner a left join banner_category b on a.banner_category_id=b.id where a.del_flag=0 ORDER BY create_date desc limit 0,10 
2017-10-7 22:18:48 http-nio-8080-exec-1 DEBUG ==> Parameters: 
2017-10-7 22:18:48 http-nio-8080-exec-1 DEBUG <==      Total: 5
2017-10-7 22:18:48 http-nio-8080-exec-1 DEBUG ==>  Preparing: select count(1) from banner where del_flag=0 
2017-10-7 22:18:48 http-nio-8080-exec-1 DEBUG ==> Parameters: 
2017-10-7 22:18:48 http-nio-8080-exec-1 DEBUG <==      Total: 1
2017-10-7 22:20:11 main INFO Starting ShopApplication on IE361.COM-30530 with PID 8296 (E:\workspace\wsgw\shop\target\classes started by Administrator in E:\workspace\wsgw\shop)
2017-10-7 22:20:11 main DEBUG Running with Spring Boot v1.5.6.RELEASE, Spring v4.3.10.RELEASE
2017-10-7 22:20:11 main INFO No active profile set, falling back to default profiles: default
2017-10-7 22:20:16 main INFO Started ShopApplication in 4.806 seconds (JVM running for 5.535)
2017-10-7 22:20:28 http-nio-8080-exec-3 DEBUG ==>  Preparing: select id, name, user_type, phone, password, status, create_date, update_date, del_flag from sys_user where phone = ? and password = ? 
2017-10-7 22:20:28 http-nio-8080-exec-3 DEBUG ==> Parameters: 18825113545(String), 123456(String)
2017-10-7 22:20:28 http-nio-8080-exec-3 DEBUG <==      Total: 1
2017-10-7 22:20:29 http-nio-8080-exec-9 DEBUG ==>  Preparing: select id, name, parent_id, parent_ids, create_date, update_date, del_flag from banner_category where del_flag=0 
2017-10-7 22:20:29 http-nio-8080-exec-9 DEBUG ==> Parameters: 
2017-10-7 22:20:29 http-nio-8080-exec-9 DEBUG <==      Total: 7
2017-10-7 22:20:30 http-nio-8080-exec-1 DEBUG ==>  Preparing: select a.id, a.title, a.name, a.banner_category_id, a.url, a.create_date, a.update_date, a.del_flag ,b.name as 'type_name' from banner a left join banner_category b on a.banner_category_id=b.id where a.del_flag=0 ORDER BY create_date desc limit 0,10 
2017-10-7 22:20:30 http-nio-8080-exec-1 DEBUG ==> Parameters: 
2017-10-7 22:20:30 http-nio-8080-exec-1 DEBUG <==      Total: 5
2017-10-7 22:20:30 http-nio-8080-exec-1 DEBUG ==>  Preparing: select count(1) from banner where del_flag=0 
2017-10-7 22:20:30 http-nio-8080-exec-1 DEBUG ==> Parameters: 
2017-10-7 22:20:30 http-nio-8080-exec-1 DEBUG <==      Total: 1
2017-10-7 22:22:35 main INFO Starting ShopApplication on IE361.COM-30530 with PID 5828 (E:\workspace\wsgw\shop\target\classes started by Administrator in E:\workspace\wsgw\shop)
2017-10-7 22:22:35 main DEBUG Running with Spring Boot v1.5.6.RELEASE, Spring v4.3.10.RELEASE
2017-10-7 22:22:35 main INFO No active profile set, falling back to default profiles: default
2017-10-7 22:22:45 main INFO Started ShopApplication in 9.96 seconds (JVM running for 10.631)
2017-10-7 22:23:11 http-nio-8080-exec-9 DEBUG ==>  Preparing: select id, name, user_type, phone, password, status, create_date, update_date, del_flag from sys_user where phone = ? and password = ? 
2017-10-7 22:23:11 http-nio-8080-exec-9 DEBUG ==> Parameters: 18825113545(String), 123456(String)
2017-10-7 22:23:11 http-nio-8080-exec-9 DEBUG <==      Total: 1
2017-10-7 22:23:30 http-nio-8080-exec-9 DEBUG ==>  Preparing: select a.id, a.title, a.name, a.banner_category_id, a.url, a.create_date, a.update_date, a.del_flag ,b.name as 'type_name' from banner a left join banner_category b on a.banner_category_id=b.id where a.del_flag=0 ORDER BY create_date desc limit 0,10 
2017-10-7 22:23:30 http-nio-8080-exec-9 DEBUG ==> Parameters: 
2017-10-7 22:23:30 http-nio-8080-exec-9 DEBUG <==      Total: 5
2017-10-7 22:23:30 http-nio-8080-exec-9 DEBUG ==>  Preparing: select count(1) from banner where del_flag=0 
2017-10-7 22:23:30 http-nio-8080-exec-9 DEBUG ==> Parameters: 
2017-10-7 22:23:30 http-nio-8080-exec-9 DEBUG <==      Total: 1
2017-10-7 22:24:26 main INFO Starting ShopApplication on IE361.COM-30530 with PID 8936 (E:\workspace\wsgw\shop\target\classes started by Administrator in E:\workspace\wsgw\shop)
2017-10-7 22:24:26 main DEBUG Running with Spring Boot v1.5.6.RELEASE, Spring v4.3.10.RELEASE
2017-10-7 22:24:26 main INFO No active profile set, falling back to default profiles: default
2017-10-7 22:24:34 main INFO Started ShopApplication in 8.152 seconds (JVM running for 8.731)
2017-10-7 22:24:47 http-nio-8080-exec-2 DEBUG ==>  Preparing: select id, name, user_type, phone, password, status, create_date, update_date, del_flag from sys_user where phone = ? and password = ? 
2017-10-7 22:24:47 http-nio-8080-exec-2 DEBUG ==> Parameters: 18825113545(String), 123456(String)
2017-10-7 22:24:47 http-nio-8080-exec-2 DEBUG <==      Total: 1
2017-10-7 22:24:52 http-nio-8080-exec-7 DEBUG ==>  Preparing: select a.id, a.title, a.name, a.banner_category_id, a.url, a.create_date, a.update_date, a.del_flag ,b.name as 'type_name' from banner a left join banner_category b on a.banner_category_id=b.id where a.del_flag=0 ORDER BY create_date desc limit 0,10 
2017-10-7 22:24:52 http-nio-8080-exec-7 DEBUG ==> Parameters: 
2017-10-7 22:24:52 http-nio-8080-exec-7 DEBUG <==      Total: 5
2017-10-7 22:24:52 http-nio-8080-exec-7 DEBUG ==>  Preparing: select count(1) from banner where del_flag=0 
2017-10-7 22:24:52 http-nio-8080-exec-7 DEBUG ==> Parameters: 
2017-10-7 22:24:52 http-nio-8080-exec-7 DEBUG <==      Total: 1
2017-10-7 22:26:21 http-nio-8080-exec-7 DEBUG ==>  Preparing: select id, name, parent_id, parent_ids, create_date, update_date, del_flag from banner_category where del_flag=0 
2017-10-7 22:26:21 http-nio-8080-exec-7 DEBUG ==> Parameters: 
2017-10-7 22:26:21 http-nio-8080-exec-7 DEBUG <==      Total: 7
2017-10-7 22:26:26 http-nio-8080-exec-2 DEBUG ==>  Preparing: select a.id, a.title, a.name, a.banner_category_id, a.url, a.create_date, a.update_date, a.del_flag ,b.name as 'type_name' from banner a left join banner_category b on a.banner_category_id=b.id where a.del_flag=0 ORDER BY create_date desc limit 0,10 
2017-10-7 22:26:26 http-nio-8080-exec-2 DEBUG ==> Parameters: 
2017-10-7 22:26:26 http-nio-8080-exec-2 DEBUG <==      Total: 5
2017-10-7 22:26:26 http-nio-8080-exec-2 DEBUG ==>  Preparing: select count(1) from banner where del_flag=0 
2017-10-7 22:26:26 http-nio-8080-exec-2 DEBUG ==> Parameters: 
2017-10-7 22:26:26 http-nio-8080-exec-2 DEBUG <==      Total: 1
2017-10-7 22:27:35 http-nio-8080-exec-1 DEBUG ==>  Preparing: select a.id, a.title, a.name, a.banner_category_id, a.url, a.create_date, a.update_date, a.del_flag ,b.name as 'type_name' from banner a left join banner_category b on a.banner_category_id=b.id where a.del_flag=0 ORDER BY create_date desc limit 0,10 
2017-10-7 22:27:35 http-nio-8080-exec-1 DEBUG ==> Parameters: 
2017-10-7 22:27:35 http-nio-8080-exec-1 DEBUG <==      Total: 5
2017-10-7 22:27:35 http-nio-8080-exec-1 DEBUG ==>  Preparing: select count(1) from banner where del_flag=0 
2017-10-7 22:27:35 http-nio-8080-exec-1 DEBUG ==> Parameters: 
2017-10-7 22:27:35 http-nio-8080-exec-1 DEBUG <==      Total: 1
2017-10-7 22:32:38 http-nio-8080-exec-2 DEBUG ==>  Preparing: select id, name, user_type, phone, password, status, create_date, update_date, del_flag from sys_user where phone = ? and password = ? 
2017-10-7 22:32:38 http-nio-8080-exec-2 DEBUG ==> Parameters: 18825113545(String), 123456(String)
2017-10-7 22:32:38 http-nio-8080-exec-2 DEBUG <==      Total: 1
2017-10-7 22:32:40 http-nio-8080-exec-7 DEBUG ==>  Preparing: select a.id, a.title, a.name, a.banner_category_id, a.url, a.create_date, a.update_date, a.del_flag ,b.name as 'type_name' from banner a left join banner_category b on a.banner_category_id=b.id where a.del_flag=0 ORDER BY create_date desc limit 0,10 
2017-10-7 22:32:40 http-nio-8080-exec-7 DEBUG ==> Parameters: 
2017-10-7 22:32:40 http-nio-8080-exec-7 DEBUG <==      Total: 5
2017-10-7 22:32:40 http-nio-8080-exec-7 DEBUG ==>  Preparing: select count(1) from banner where del_flag=0 
2017-10-7 22:32:40 http-nio-8080-exec-7 DEBUG ==> Parameters: 
2017-10-7 22:32:40 http-nio-8080-exec-7 DEBUG <==      Total: 1
2017-10-7 22:44:44 http-nio-8080-exec-6 DEBUG ==>  Preparing: select a.id, a.title, a.name, a.banner_category_id, a.url, a.create_date, a.update_date, a.del_flag ,b.name as 'type_name' from banner a left join banner_category b on a.banner_category_id=b.id where a.del_flag=0 ORDER BY create_date desc limit 0,10 
2017-10-7 22:44:44 http-nio-8080-exec-6 DEBUG ==> Parameters: 
2017-10-7 22:44:44 http-nio-8080-exec-6 DEBUG <==      Total: 5
2017-10-7 22:44:44 http-nio-8080-exec-6 DEBUG ==>  Preparing: select count(1) from banner where del_flag=0 
2017-10-7 22:44:44 http-nio-8080-exec-6 DEBUG ==> Parameters: 
2017-10-7 22:44:44 http-nio-8080-exec-6 DEBUG <==      Total: 1
2017-10-7 23:18:50 main INFO Starting ShopApplication on IE361.COM-30530 with PID 3172 (E:\workspace\wsgw\shop\target\classes started by Administrator in E:\workspace\wsgw\shop)
2017-10-7 23:18:50 main DEBUG Running with Spring Boot v1.5.6.RELEASE, Spring v4.3.10.RELEASE
2017-10-7 23:18:50 main INFO No active profile set, falling back to default profiles: default
2017-10-7 23:19:12 main INFO Starting ShopApplication on IE361.COM-30530 with PID 9032 (E:\workspace\wsgw\shop\target\classes started by Administrator in E:\workspace\wsgw\shop)
2017-10-7 23:19:12 main DEBUG Running with Spring Boot v1.5.6.RELEASE, Spring v4.3.10.RELEASE
2017-10-7 23:19:12 main INFO No active profile set, falling back to default profiles: default
2017-10-7 23:19:18 main INFO Started ShopApplication in 5.639 seconds (JVM running for 6.196)
2017-10-7 23:19:32 http-nio-8080-exec-3 DEBUG ==>  Preparing: select id, name, user_type, phone, password, status, create_date, update_date, del_flag from sys_user where phone = ? and password = ? 
2017-10-7 23:19:32 http-nio-8080-exec-3 DEBUG ==> Parameters: 18825113545(String), 123456(String)
2017-10-7 23:19:32 http-nio-8080-exec-3 DEBUG <==      Total: 1
2017-10-7 23:19:35 http-nio-8080-exec-2 DEBUG ==>  Preparing: select id, name, parent_id, parent_ids, create_date, update_date, del_flag from banner_category where del_flag=0 
2017-10-7 23:19:35 http-nio-8080-exec-2 DEBUG ==> Parameters: 
2017-10-7 23:19:35 http-nio-8080-exec-2 DEBUG <==      Total: 7
2017-10-7 23:19:36 http-nio-8080-exec-10 DEBUG ==>  Preparing: select a.id, a.title, a.name, a.banner_category_id, a.url, a.create_date, a.update_date, a.del_flag ,b.name as 'type_name' from banner a left join banner_category b on a.banner_category_id=b.id where a.del_flag=0 ORDER BY create_date desc limit 0,10 
2017-10-7 23:19:36 http-nio-8080-exec-10 DEBUG ==> Parameters: 
2017-10-7 23:19:36 http-nio-8080-exec-10 DEBUG <==      Total: 5
2017-10-7 23:19:36 http-nio-8080-exec-10 DEBUG ==>  Preparing: select count(1) from banner where del_flag=0 
2017-10-7 23:19:36 http-nio-8080-exec-10 DEBUG ==> Parameters: 
2017-10-7 23:19:36 http-nio-8080-exec-10 DEBUG <==      Total: 1
2017-10-7 23:22:56 main INFO Starting ShopApplication on IE361.COM-30530 with PID 8860 (E:\workspace\wsgw\shop\target\classes started by Administrator in E:\workspace\wsgw\shop)
2017-10-7 23:22:56 main DEBUG Running with Spring Boot v1.5.6.RELEASE, Spring v4.3.10.RELEASE
2017-10-7 23:22:56 main INFO No active profile set, falling back to default profiles: default
2017-10-7 23:23:03 main INFO Started ShopApplication in 6.372 seconds (JVM running for 7.084)
2017-10-7 23:23:09 http-nio-8080-exec-4 DEBUG ==>  Preparing: select id, name, user_type, phone, password, status, create_date, update_date, del_flag from sys_user where phone = ? and password = ? 
2017-10-7 23:23:09 http-nio-8080-exec-4 DEBUG ==> Parameters: 18825113545(String), 123456(String)
2017-10-7 23:23:09 http-nio-8080-exec-4 DEBUG <==      Total: 1
2017-10-7 23:23:12 http-nio-8080-exec-6 DEBUG ==>  Preparing: select a.id, a.title, a.name, a.banner_category_id, a.url, a.create_date, a.update_date, a.del_flag ,b.name as 'type_name' from banner a left join banner_category b on a.banner_category_id=b.id where a.del_flag=0 ORDER BY create_date desc limit 0,10 
2017-10-7 23:23:12 http-nio-8080-exec-6 DEBUG ==> Parameters: 
2017-10-7 23:23:12 http-nio-8080-exec-6 DEBUG <==      Total: 5
2017-10-7 23:23:12 http-nio-8080-exec-6 DEBUG ==>  Preparing: select count(1) from banner where del_flag=0 
2017-10-7 23:23:12 http-nio-8080-exec-6 DEBUG ==> Parameters: 
2017-10-7 23:23:12 http-nio-8080-exec-6 DEBUG <==      Total: 1
2017-10-7 23:26:51 http-nio-8080-exec-1 DEBUG ==>  Preparing: select a.id, a.title, a.name, a.advertise_category_id, a.url, a.create_date, a.update_date, a.del_flag ,b.name as 'type_name' from advertise a left join advertise_category b on a.advertise_category_id=b.id where a.del_flag=0 ORDER BY create_date desc limit 0,10 
2017-10-7 23:26:51 http-nio-8080-exec-1 DEBUG ==> Parameters: 
2017-10-7 23:26:51 http-nio-8080-exec-1 DEBUG <==      Total: 10
2017-10-7 23:26:51 http-nio-8080-exec-1 DEBUG ==>  Preparing: select count(1) from advertise where del_flag=0 
2017-10-7 23:26:51 http-nio-8080-exec-1 DEBUG ==> Parameters: 
2017-10-7 23:26:51 http-nio-8080-exec-1 DEBUG <==      Total: 1
2017-10-7 23:26:52 http-nio-8080-exec-9 DEBUG ==>  Preparing: select a.id, a.title, a.name, a.banner_category_id, a.url, a.create_date, a.update_date, a.del_flag ,b.name as 'type_name' from banner a left join banner_category b on a.banner_category_id=b.id where a.del_flag=0 ORDER BY create_date desc limit 0,10 
2017-10-7 23:26:52 http-nio-8080-exec-9 DEBUG ==> Parameters: 
2017-10-7 23:26:52 http-nio-8080-exec-9 DEBUG <==      Total: 5
2017-10-7 23:26:52 http-nio-8080-exec-9 DEBUG ==>  Preparing: select count(1) from banner where del_flag=0 
2017-10-7 23:26:52 http-nio-8080-exec-9 DEBUG ==> Parameters: 
2017-10-7 23:26:52 http-nio-8080-exec-9 DEBUG <==      Total: 1
