2017-9-3 22:36:05 main INFO Starting ShopApplication on IE361.COM-30530 with PID 12264 (E:\workspace\shop\target\classes started by Administrator in E:\workspace\shop)
2017-9-3 22:36:05 main DEBUG Running with Spring Boot v1.5.6.RELEASE, Spring v4.3.10.RELEASE
2017-9-3 22:36:05 main INFO No active profile set, falling back to default profiles: default
2017-9-3 22:36:13 main INFO Started ShopApplication in 7.852 seconds (JVM running for 8.604)
2017-9-3 22:36:35 http-nio-8080-exec-2 DEBUG ==>  Preparing: select id, province_id, city_name, description from city where id = ? 
2017-9-3 22:36:35 http-nio-8080-exec-2 DEBUG ==> Parameters: 1(Long)
2017-9-3 22:36:35 http-nio-8080-exec-2 DEBUG <==      Total: 1
2017-9-3 22:36:35 http-nio-8080-exec-2 INFO CityServiceImpl.findCityById() : 城市插入缓存 >> City{id=1, provinceId=1, cityName='温岭市', description='BYSocket 的家在温岭。'}
2017-9-3 22:37:06 http-nio-8080-exec-4 DEBUG ==>  Preparing: select id, name, user_type, phone, password, good_category_type, status, create_date, update_date, del_flag from user where id = ? 
2017-9-3 22:37:06 http-nio-8080-exec-4 DEBUG ==> Parameters: 1(Long)
2017-9-3 22:37:06 http-nio-8080-exec-4 DEBUG <==      Total: 1
2017-9-3 22:38:09 main INFO Starting ShopApplication on IE361.COM-30530 with PID 16248 (E:\workspace\shop\target\classes started by Administrator in E:\workspace\shop)
2017-9-3 22:38:09 main DEBUG Running with Spring Boot v1.5.6.RELEASE, Spring v4.3.10.RELEASE
2017-9-3 22:38:09 main INFO No active profile set, falling back to default profiles: default
2017-9-3 22:38:16 main INFO Started ShopApplication in 6.512 seconds (JVM running for 7.104)
2017-9-3 22:40:19 main INFO Starting ShopApplication on IE361.COM-30530 with PID 15460 (E:\workspace\shop\target\classes started by Administrator in E:\workspace\shop)
2017-9-3 22:40:19 main DEBUG Running with Spring Boot v1.5.6.RELEASE, Spring v4.3.10.RELEASE
2017-9-3 22:40:19 main INFO No active profile set, falling back to default profiles: default
2017-9-3 22:40:24 main INFO Started ShopApplication in 4.912 seconds (JVM running for 5.347)
2017-9-3 22:44:54 main INFO Starting ShopApplication on IE361.COM-30530 with PID 13536 (E:\workspace\shop\target\classes started by Administrator in E:\workspace\shop)
2017-9-3 22:44:54 main DEBUG Running with Spring Boot v1.5.6.RELEASE, Spring v4.3.10.RELEASE
2017-9-3 22:44:54 main INFO No active profile set, falling back to default profiles: default
2017-9-3 22:44:59 main INFO Started ShopApplication in 5.187 seconds (JVM running for 5.625)
2017-9-3 22:46:12 main INFO Starting ShopApplication on IE361.COM-30530 with PID 16224 (E:\workspace\shop\target\classes started by Administrator in E:\workspace\shop)
2017-9-3 22:46:12 main DEBUG Running with Spring Boot v1.5.6.RELEASE, Spring v4.3.10.RELEASE
2017-9-3 22:46:12 main INFO No active profile set, falling back to default profiles: default
2017-9-3 22:46:18 main INFO Started ShopApplication in 6.872 seconds (JVM running for 7.387)
2017-9-3 22:46:29 http-nio-8080-exec-1 DEBUG ==>  Preparing: select id, name, user_type, phone, password, good_category_type, status, create_date, update_date, del_flag from user limit 1,2 
2017-9-3 22:46:29 http-nio-8080-exec-1 DEBUG ==> Parameters: 
2017-9-3 22:46:29 http-nio-8080-exec-1 DEBUG <==      Total: 2
2017-9-3 22:47:18 main INFO Starting ShopApplication on IE361.COM-30530 with PID 10608 (E:\workspace\shop\target\classes started by Administrator in E:\workspace\shop)
2017-9-3 22:47:18 main DEBUG Running with Spring Boot v1.5.6.RELEASE, Spring v4.3.10.RELEASE
2017-9-3 22:47:18 main INFO No active profile set, falling back to default profiles: default
2017-9-3 22:47:26 main INFO Started ShopApplication in 8.063 seconds (JVM running for 8.654)
