2017-9-30 23:13:18 main INFO Starting ShopApplication on IE361.COM-30530 with PID 8968 (E:\workspace\wsgw\shop\target\classes started by Administrator in E:\workspace\wsgw\shop)
2017-9-30 23:13:18 main DEBUG Running with Spring Boot v1.5.6.RELEASE, Spring v4.3.10.RELEASE
2017-9-30 23:13:18 main INFO No active profile set, falling back to default profiles: default
2017-9-30 23:15:11 main INFO Starting ShopApplication on IE361.COM-30530 with PID 5264 (E:\workspace\wsgw\shop\target\classes started by Administrator in E:\workspace\wsgw\shop)
2017-9-30 23:15:11 main DEBUG Running with Spring Boot v1.5.6.RELEASE, Spring v4.3.10.RELEASE
2017-9-30 23:15:11 main INFO No active profile set, falling back to default profiles: default
2017-9-30 23:15:14 main INFO Started ShopApplication in 4.064 seconds (JVM running for 4.591)
2017-9-30 23:15:36 http-nio-8080-exec-5 DEBUG ==>  Preparing: select id, name, user_type, phone, password, status, create_date, update_date, del_flag from sys_user where phone = ? and password = ? 
2017-9-30 23:15:36 http-nio-8080-exec-5 DEBUG ==> Parameters: 18825113545(String), 123456(String)
2017-9-30 23:15:36 http-nio-8080-exec-5 DEBUG <==      Total: 1
2017-9-30 23:15:38 http-nio-8080-exec-2 DEBUG ==>  Preparing: select id, name, parent_id, parent_ids, create_date, update_date, del_flag from banner_category where del_flag=0 
2017-9-30 23:15:38 http-nio-8080-exec-2 DEBUG ==> Parameters: 
2017-9-30 23:15:38 http-nio-8080-exec-2 DEBUG <==      Total: 7
2017-9-30 23:15:38 http-nio-8080-exec-8 DEBUG ==>  Preparing: select a.id, a.title, a.name, a.advertise_category_id, a.url, a.create_date, a.update_date, a.del_flag ,b.name as 'type_name' from advertise a left join advertise_category b on a.advertise_category_id=b.id where a.del_flag=0 ORDER BY create_date desc limit 0,10 
2017-9-30 23:15:38 http-nio-8080-exec-8 DEBUG ==> Parameters: 
2017-9-30 23:15:38 http-nio-8080-exec-8 DEBUG <==      Total: 10
2017-9-30 23:15:38 http-nio-8080-exec-8 DEBUG ==>  Preparing: select count(1) from advertise where del_flag=0 
2017-9-30 23:15:38 http-nio-8080-exec-8 DEBUG ==> Parameters: 
2017-9-30 23:15:38 http-nio-8080-exec-8 DEBUG <==      Total: 1
2017-9-30 23:15:39 http-nio-8080-exec-6 DEBUG ==>  Preparing: select id, name, parent_id, parent_ids, create_date, update_date, del_flag from advertise_category where del_flag=0 
2017-9-30 23:15:39 http-nio-8080-exec-6 DEBUG ==> Parameters: 
2017-9-30 23:15:39 http-nio-8080-exec-6 DEBUG <==      Total: 15
